app/build/intermediates/manifest_merge_blame_file/debug/processDebugMainManifest/manifest-merger-blame-debug-report.txt
1<?xml version="1.0" encoding="utf-8"?>
2<manifest xmlns:android="http://schemas.android.com/apk/res/android"
3    package="com.jassara.tononkira"
4    android:versionCode="1"
5    android:versionName="1.0" >
6
7    <uses-sdk
8        android:minSdkVersion="23"
9        android:targetSdkVersion="35" />
10
11    <application
11-->src\main\AndroidManifest.xml:3:5-21:19
12        android:allowBackup="true"
12-->src\main\AndroidManifest.xml:4:9-35
13        android:debuggable="true"
14        android:extractNativeLibs="false"
15        android:icon="@drawable/victory_voice_logo"
15-->src\main\AndroidManifest.xml:5:9-52
16        android:label="@string/app_name"
16-->src\main\AndroidManifest.xml:6:9-41
17        android:roundIcon="@drawable/victory_voice_logo"
17-->src\main\AndroidManifest.xml:7:9-57
18        android:supportsRtl="true"
18-->src\main\AndroidManifest.xml:8:9-35
19        android:theme="@style/AppTheme" >
19-->src\main\AndroidManifest.xml:9:9-40
20        <activity
20-->src\main\AndroidManifest.xml:10:9-20:20
21            android:name="com.jassara.tononkira.MainActivity"
21-->src\main\AndroidManifest.xml:11:13-41
22            android:exported="true"
22-->src\main\AndroidManifest.xml:12:13-36
23            android:icon="@drawable/victory_voice_logo"
23-->src\main\AndroidManifest.xml:13:13-56
24            android:label="@string/app_name"
24-->src\main\AndroidManifest.xml:14:13-45
25            android:screenOrientation="portrait" >
25-->src\main\AndroidManifest.xml:15:13-49
26            <intent-filter>
26-->src\main\AndroidManifest.xml:16:13-19:29
27                <action android:name="android.intent.action.MAIN" />
27-->src\main\AndroidManifest.xml:17:17-69
27-->src\main\AndroidManifest.xml:17:25-66
28
29                <category android:name="android.intent.category.LAUNCHER" />
29-->src\main\AndroidManifest.xml:18:17-77
29-->src\main\AndroidManifest.xml:18:27-74
30            </intent-filter>
31        </activity>
32    </application>
33
34</manifest>